<?xml version="1.0" encoding="UTF-8"?>
<!-- Generated by org.testng.reporters.JUnitReportReporter -->
<testsuite skipped="0" hostname="LAPTOP-DKIK15C0" name="com.mystore.testcases.SearchResultPageTest" tests="1" failures="0" timestamp="09 Aug 2023 14:15:47 GMT" time="22.415" errors="0">
  <testcase name="productAvailabilityTest" time="22.415" classname="com.mystore.testcases.SearchResultPageTest"/>
</testsuite> <!-- com.mystore.testcases.SearchResultPageTest -->
