<?xml version="1.0" encoding="UTF-8"?>
<!-- Generated by org.testng.reporters.JUnitReportReporter -->
<testsuite skipped="0" hostname="LAPTOP-DKIK15C0" name="com.mystore.testcases.AccountCreationPageTest" tests="4" failures="0" timestamp="09 Aug 2023 12:42:07 GMT" time="120.036" errors="0">
  <testcase name="createAccountTest" time="27.578" classname="com.mystore.testcases.AccountCreationPageTest"/>
  <testcase name="createAccountTest" time="24.065" classname="com.mystore.testcases.AccountCreationPageTest"/>
  <testcase name="verifyCreateAccountPageTest" time="18.339" classname="com.mystore.testcases.AccountCreationPageTest"/>
  <testcase name="createAccountTest" time="50.054" classname="com.mystore.testcases.AccountCreationPageTest"/>
</testsuite> <!-- com.mystore.testcases.AccountCreationPageTest -->
