<?xml version="1.0" encoding="UTF-8"?>
<!-- Generated by org.testng.reporters.JUnitReportReporter -->
<testsuite skipped="0" hostname="LAPTOP-DKIK15C0" name="com.mystore.testcases.IndexPageTest" tests="2" failures="0" timestamp="09 Aug 2023 11:05:30 GMT" time="32.694" errors="0">
  <testcase name="verifyTitle" time="15.503" classname="com.mystore.testcases.IndexPageTest"/>
  <testcase name="verifyLogo" time="17.191" classname="com.mystore.testcases.IndexPageTest"/>
</testsuite> <!-- com.mystore.testcases.IndexPageTest -->
