<?xml version="1.0" encoding="UTF-8"?>
<!-- Generated by org.testng.reporters.JUnitReportReporter -->
<testsuite skipped="0" hostname="LAPTOP-DKIK15C0" name="com.mystore.testcases.HomePageTest" tests="2" failures="0" timestamp="09 Aug 2023 11:23:15 GMT" time="124.918" errors="0">
  <testcase name="orderHistoryandDetailsTest" time="60.333" classname="com.mystore.testcases.HomePageTest"/>
  <testcase name="MyCreditSlip" time="64.585" classname="com.mystore.testcases.HomePageTest"/>
</testsuite> <!-- com.mystore.testcases.HomePageTest -->
