<?xml version="1.0" encoding="UTF-8"?>
<!-- Generated by org.testng.reporters.JUnitReportReporter -->
<testsuite skipped="0" hostname="LAPTOP-DKIK15C0" name="com.mystore.testcases.LoginPageTest" tests="1" failures="0" timestamp="09 Aug 2023 10:56:20 GMT" time="37.201" errors="0">
  <testcase name="loginTest" time="37.201" classname="com.mystore.testcases.LoginPageTest"/>
</testsuite> <!-- com.mystore.testcases.LoginPageTest -->
